<?xml version="1.0" encoding="UTF-8"?>
<!-- Generated by org.testng.reporters.JUnitReportReporter -->
<testsuite hostname="LAPTOP-077COGF2" failures="0" tests="1" name="testCases.TC_002_Login" time="10.573" errors="0" timestamp="2022-12-17T03:46:26 GMT" skipped="0">
  <testcase classname="testCases.TC_002_Login" name="test_Login" time="10.573"/>
  <system-out/>
</testsuite> <!-- testCases.TC_002_Login -->
